<?xml version="1.0" encoding="UTF-8"?>
<testsuite xmlns:xsi="http://www.w3.org/2001/XMLSchema-instance" xsi:noNamespaceSchemaLocation="https://maven.apache.org/surefire/maven-surefire-plugin/xsd/surefire-test-report-3.0.xsd" version="3.0" name="TestSuite" time="28.13" tests="4" errors="0" skipped="0" failures="1">
  <properties>
    <property name="sun.desktop" value="windows"/>
    <property name="awt.toolkit" value="sun.awt.windows.WToolkit"/>
    <property name="java.specification.version" value="11"/>
    <property name="sun.cpu.isalist" value="amd64"/>
    <property name="sun.jnu.encoding" value="Cp1252"/>
    <property name="java.class.path" value="F:\Desktop\VimanNagar\May 21\ATTSpotifyAPITestFramework\target\test-classes;F:\Desktop\VimanNagar\May 21\ATTSpotifyAPITestFramework\target\classes;C:\Users\DELL\.m2\repository\io\rest-assured\rest-assured\5.3.0\rest-assured-5.3.0.jar;C:\Users\DELL\.m2\repository\org\apache\groovy\groovy\4.0.6\groovy-4.0.6.jar;C:\Users\DELL\.m2\repository\org\apache\groovy\groovy-xml\4.0.6\groovy-xml-4.0.6.jar;C:\Users\DELL\.m2\repository\org\apache\httpcomponents\httpclient\4.5.13\httpclient-4.5.13.jar;C:\Users\DELL\.m2\repository\org\apache\httpcomponents\httpcore\4.4.13\httpcore-4.4.13.jar;C:\Users\DELL\.m2\repository\commons-logging\commons-logging\1.2\commons-logging-1.2.jar;C:\Users\DELL\.m2\repository\commons-codec\commons-codec\1.11\commons-codec-1.11.jar;C:\Users\DELL\.m2\repository\org\apache\httpcomponents\httpmime\4.5.13\httpmime-4.5.13.jar;C:\Users\DELL\.m2\repository\org\hamcrest\hamcrest\2.1\hamcrest-2.1.jar;C:\Users\DELL\.m2\repository\org\ccil\cowan\tagsoup\tagsoup\1.2.1\tagsoup-1.2.1.jar;C:\Users\DELL\.m2\repository\io\rest-assured\json-path\5.3.0\json-path-5.3.0.jar;C:\Users\DELL\.m2\repository\org\apache\groovy\groovy-json\4.0.6\groovy-json-4.0.6.jar;C:\Users\DELL\.m2\repository\io\rest-assured\rest-assured-common\5.3.0\rest-assured-common-5.3.0.jar;C:\Users\DELL\.m2\repository\io\rest-assured\xml-path\5.3.0\xml-path-5.3.0.jar;C:\Users\DELL\.m2\repository\org\apache\commons\commons-lang3\3.11\commons-lang3-3.11.jar;C:\Users\DELL\.m2\repository\com\googlecode\json-simple\json-simple\1.1.1\json-simple-1.1.1.jar;C:\Users\DELL\.m2\repository\junit\junit\4.10\junit-4.10.jar;C:\Users\DELL\.m2\repository\org\hamcrest\hamcrest-core\1.1\hamcrest-core-1.1.jar;C:\Users\DELL\.m2\repository\org\testng\testng\7.7.1\testng-7.7.1.jar;C:\Users\DELL\.m2\repository\org\slf4j\slf4j-api\1.7.36\slf4j-api-1.7.36.jar;C:\Users\DELL\.m2\repository\com\beust\jcommander\1.82\jcommander-1.82.jar;C:\Users\DELL\.m2\repository\org\webjars\jquery\3.6.1\jquery-3.6.1.jar;C:\Users\DELL\.m2\repository\com\fasterxml\jackson\core\jackson-databind\2.15.2\jackson-databind-2.15.2.jar;C:\Users\DELL\.m2\repository\org\skyscreamer\jsonassert\1.5.1\jsonassert-1.5.1.jar;C:\Users\DELL\.m2\repository\com\vaadin\external\google\android-json\0.0.20131108.vaadin1\android-json-0.0.20131108.vaadin1.jar;C:\Users\DELL\.m2\repository\io\rest-assured\json-schema-validator\5.3.1\json-schema-validator-5.3.1.jar;C:\Users\DELL\.m2\repository\com\github\java-json-tools\json-schema-validator\2.2.14\json-schema-validator-2.2.14.jar;C:\Users\DELL\.m2\repository\com\github\java-json-tools\jackson-coreutils-equivalence\1.0\jackson-coreutils-equivalence-1.0.jar;C:\Users\DELL\.m2\repository\com\github\java-json-tools\jackson-coreutils\2.0\jackson-coreutils-2.0.jar;C:\Users\DELL\.m2\repository\com\github\java-json-tools\msg-simple\1.2\msg-simple-1.2.jar;C:\Users\DELL\.m2\repository\com\github\java-json-tools\btf\1.3\btf-1.3.jar;C:\Users\DELL\.m2\repository\com\github\java-json-tools\json-schema-core\1.2.14\json-schema-core-1.2.14.jar;C:\Users\DELL\.m2\repository\com\github\java-json-tools\uri-template\0.10\uri-template-0.10.jar;C:\Users\DELL\.m2\repository\org\mozilla\rhino\1.7.7.2\rhino-1.7.7.2.jar;C:\Users\DELL\.m2\repository\com\sun\mail\mailapi\1.6.2\mailapi-1.6.2.jar;C:\Users\DELL\.m2\repository\joda-time\joda-time\2.10.5\joda-time-2.10.5.jar;C:\Users\DELL\.m2\repository\com\googlecode\libphonenumber\libphonenumber\8.11.1\libphonenumber-8.11.1.jar;C:\Users\DELL\.m2\repository\com\google\code\findbugs\jsr305\3.0.2\jsr305-3.0.2.jar;C:\Users\DELL\.m2\repository\net\sf\jopt-simple\jopt-simple\5.0.4\jopt-simple-5.0.4.jar;C:\Users\DELL\.m2\repository\com\google\guava\guava\32.0.1-jre\guava-32.0.1-jre.jar;C:\Users\DELL\.m2\repository\com\google\guava\failureaccess\1.0.1\failureaccess-1.0.1.jar;C:\Users\DELL\.m2\repository\com\google\guava\listenablefuture\9999.0-empty-to-avoid-conflict-with-guava\listenablefuture-9999.0-empty-to-avoid-conflict-with-guava.jar;C:\Users\DELL\.m2\repository\org\checkerframework\checker-qual\3.33.0\checker-qual-3.33.0.jar;C:\Users\DELL\.m2\repository\com\google\errorprone\error_prone_annotations\2.18.0\error_prone_annotations-2.18.0.jar;C:\Users\DELL\.m2\repository\com\google\j2objc\j2objc-annotations\2.8\j2objc-annotations-2.8.jar;C:\Users\DELL\.m2\repository\com\fasterxml\jackson\core\jackson-core\2.15.2\jackson-core-2.15.2.jar;C:\Users\DELL\.m2\repository\com\fasterxml\jackson\core\jackson-annotations\2.15.2\jackson-annotations-2.15.2.jar;C:\Users\DELL\.m2\repository\com\google\code\gson\gson\2.10.1\gson-2.10.1.jar;C:\Users\DELL\.m2\repository\io\qameta\allure\allure-testng\2.23.0\allure-testng-2.23.0.jar;C:\Users\DELL\.m2\repository\io\qameta\allure\allure-java-commons\2.23.0\allure-java-commons-2.23.0.jar;C:\Users\DELL\.m2\repository\io\qameta\allure\allure-model\2.23.0\allure-model-2.23.0.jar;C:\Users\DELL\.m2\repository\io\qameta\allure\allure-test-filter\2.23.0\allure-test-filter-2.23.0.jar;C:\Users\DELL\.m2\repository\io\qameta\allure\allure-rest-assured\2.23.0\allure-rest-assured-2.23.0.jar;C:\Users\DELL\.m2\repository\io\qameta\allure\allure-attachments\2.23.0\allure-attachments-2.23.0.jar;C:\Users\DELL\.m2\repository\org\freemarker\freemarker\2.3.31\freemarker-2.3.31.jar;"/>
    <property name="java.vm.vendor" value="Oracle Corporation"/>
    <property name="sun.arch.data.model" value="64"/>
    <property name="user.variant" value=""/>
    <property name="java.vendor.url" value="https://openjdk.java.net/"/>
    <property name="user.timezone" value="Asia/Calcutta"/>
    <property name="java.vm.specification.version" value="11"/>
    <property name="os.name" value="Windows 10"/>
    <property name="sun.java.launcher" value="SUN_STANDARD"/>
    <property name="user.country" value="IN"/>
    <property name="sun.boot.library.path" value="C:\Program Files\Java\jdk-11.0.15.1\bin"/>
    <property name="sun.java.command" value="C:\Users\DELL\AppData\Local\Temp\surefire784643388769777301\surefirebooter-20230715084152585_3.jar C:\Users\DELL\AppData\Local\Temp\surefire784643388769777301 2023-07-15T08-41-51_679-jvmRun1 surefire-20230715084152585_1tmp surefire_0-20230715084152585_2tmp"/>
    <property name="jdk.debug" value="release"/>
    <property name="surefire.test.class.path" value="F:\Desktop\VimanNagar\May 21\ATTSpotifyAPITestFramework\target\test-classes;F:\Desktop\VimanNagar\May 21\ATTSpotifyAPITestFramework\target\classes;C:\Users\DELL\.m2\repository\io\rest-assured\rest-assured\5.3.0\rest-assured-5.3.0.jar;C:\Users\DELL\.m2\repository\org\apache\groovy\groovy\4.0.6\groovy-4.0.6.jar;C:\Users\DELL\.m2\repository\org\apache\groovy\groovy-xml\4.0.6\groovy-xml-4.0.6.jar;C:\Users\DELL\.m2\repository\org\apache\httpcomponents\httpclient\4.5.13\httpclient-4.5.13.jar;C:\Users\DELL\.m2\repository\org\apache\httpcomponents\httpcore\4.4.13\httpcore-4.4.13.jar;C:\Users\DELL\.m2\repository\commons-logging\commons-logging\1.2\commons-logging-1.2.jar;C:\Users\DELL\.m2\repository\commons-codec\commons-codec\1.11\commons-codec-1.11.jar;C:\Users\DELL\.m2\repository\org\apache\httpcomponents\httpmime\4.5.13\httpmime-4.5.13.jar;C:\Users\DELL\.m2\repository\org\hamcrest\hamcrest\2.1\hamcrest-2.1.jar;C:\Users\DELL\.m2\repository\org\ccil\cowan\tagsoup\tagsoup\1.2.1\tagsoup-1.2.1.jar;C:\Users\DELL\.m2\repository\io\rest-assured\json-path\5.3.0\json-path-5.3.0.jar;C:\Users\DELL\.m2\repository\org\apache\groovy\groovy-json\4.0.6\groovy-json-4.0.6.jar;C:\Users\DELL\.m2\repository\io\rest-assured\rest-assured-common\5.3.0\rest-assured-common-5.3.0.jar;C:\Users\DELL\.m2\repository\io\rest-assured\xml-path\5.3.0\xml-path-5.3.0.jar;C:\Users\DELL\.m2\repository\org\apache\commons\commons-lang3\3.11\commons-lang3-3.11.jar;C:\Users\DELL\.m2\repository\com\googlecode\json-simple\json-simple\1.1.1\json-simple-1.1.1.jar;C:\Users\DELL\.m2\repository\junit\junit\4.10\junit-4.10.jar;C:\Users\DELL\.m2\repository\org\hamcrest\hamcrest-core\1.1\hamcrest-core-1.1.jar;C:\Users\DELL\.m2\repository\org\testng\testng\7.7.1\testng-7.7.1.jar;C:\Users\DELL\.m2\repository\org\slf4j\slf4j-api\1.7.36\slf4j-api-1.7.36.jar;C:\Users\DELL\.m2\repository\com\beust\jcommander\1.82\jcommander-1.82.jar;C:\Users\DELL\.m2\repository\org\webjars\jquery\3.6.1\jquery-3.6.1.jar;C:\Users\DELL\.m2\repository\com\fasterxml\jackson\core\jackson-databind\2.15.2\jackson-databind-2.15.2.jar;C:\Users\DELL\.m2\repository\org\skyscreamer\jsonassert\1.5.1\jsonassert-1.5.1.jar;C:\Users\DELL\.m2\repository\com\vaadin\external\google\android-json\0.0.20131108.vaadin1\android-json-0.0.20131108.vaadin1.jar;C:\Users\DELL\.m2\repository\io\rest-assured\json-schema-validator\5.3.1\json-schema-validator-5.3.1.jar;C:\Users\DELL\.m2\repository\com\github\java-json-tools\json-schema-validator\2.2.14\json-schema-validator-2.2.14.jar;C:\Users\DELL\.m2\repository\com\github\java-json-tools\jackson-coreutils-equivalence\1.0\jackson-coreutils-equivalence-1.0.jar;C:\Users\DELL\.m2\repository\com\github\java-json-tools\jackson-coreutils\2.0\jackson-coreutils-2.0.jar;C:\Users\DELL\.m2\repository\com\github\java-json-tools\msg-simple\1.2\msg-simple-1.2.jar;C:\Users\DELL\.m2\repository\com\github\java-json-tools\btf\1.3\btf-1.3.jar;C:\Users\DELL\.m2\repository\com\github\java-json-tools\json-schema-core\1.2.14\json-schema-core-1.2.14.jar;C:\Users\DELL\.m2\repository\com\github\java-json-tools\uri-template\0.10\uri-template-0.10.jar;C:\Users\DELL\.m2\repository\org\mozilla\rhino\1.7.7.2\rhino-1.7.7.2.jar;C:\Users\DELL\.m2\repository\com\sun\mail\mailapi\1.6.2\mailapi-1.6.2.jar;C:\Users\DELL\.m2\repository\joda-time\joda-time\2.10.5\joda-time-2.10.5.jar;C:\Users\DELL\.m2\repository\com\googlecode\libphonenumber\libphonenumber\8.11.1\libphonenumber-8.11.1.jar;C:\Users\DELL\.m2\repository\com\google\code\findbugs\jsr305\3.0.2\jsr305-3.0.2.jar;C:\Users\DELL\.m2\repository\net\sf\jopt-simple\jopt-simple\5.0.4\jopt-simple-5.0.4.jar;C:\Users\DELL\.m2\repository\com\google\guava\guava\32.0.1-jre\guava-32.0.1-jre.jar;C:\Users\DELL\.m2\repository\com\google\guava\failureaccess\1.0.1\failureaccess-1.0.1.jar;C:\Users\DELL\.m2\repository\com\google\guava\listenablefuture\9999.0-empty-to-avoid-conflict-with-guava\listenablefuture-9999.0-empty-to-avoid-conflict-with-guava.jar;C:\Users\DELL\.m2\repository\org\checkerframework\checker-qual\3.33.0\checker-qual-3.33.0.jar;C:\Users\DELL\.m2\repository\com\google\errorprone\error_prone_annotations\2.18.0\error_prone_annotations-2.18.0.jar;C:\Users\DELL\.m2\repository\com\google\j2objc\j2objc-annotations\2.8\j2objc-annotations-2.8.jar;C:\Users\DELL\.m2\repository\com\fasterxml\jackson\core\jackson-core\2.15.2\jackson-core-2.15.2.jar;C:\Users\DELL\.m2\repository\com\fasterxml\jackson\core\jackson-annotations\2.15.2\jackson-annotations-2.15.2.jar;C:\Users\DELL\.m2\repository\com\google\code\gson\gson\2.10.1\gson-2.10.1.jar;C:\Users\DELL\.m2\repository\io\qameta\allure\allure-testng\2.23.0\allure-testng-2.23.0.jar;C:\Users\DELL\.m2\repository\io\qameta\allure\allure-java-commons\2.23.0\allure-java-commons-2.23.0.jar;C:\Users\DELL\.m2\repository\io\qameta\allure\allure-model\2.23.0\allure-model-2.23.0.jar;C:\Users\DELL\.m2\repository\io\qameta\allure\allure-test-filter\2.23.0\allure-test-filter-2.23.0.jar;C:\Users\DELL\.m2\repository\io\qameta\allure\allure-rest-assured\2.23.0\allure-rest-assured-2.23.0.jar;C:\Users\DELL\.m2\repository\io\qameta\allure\allure-attachments\2.23.0\allure-attachments-2.23.0.jar;C:\Users\DELL\.m2\repository\org\freemarker\freemarker\2.3.31\freemarker-2.3.31.jar;"/>
    <property name="sun.cpu.endian" value="little"/>
    <property name="user.home" value="C:\Users\DELL"/>
    <property name="user.language" value="en"/>
    <property name="java.specification.vendor" value="Oracle Corporation"/>
    <property name="java.version.date" value="2022-04-22"/>
    <property name="java.home" value="C:\Program Files\Java\jdk-11.0.15.1"/>
    <property name="file.separator" value="\"/>
    <property name="basedir" value="F:\Desktop\VimanNagar\May 21\ATTSpotifyAPITestFramework"/>
    <property name="java.vm.compressedOopsMode" value="32-bit"/>
    <property name="line.separator" value="&#10;"/>
    <property name="java.specification.name" value="Java Platform API Specification"/>
    <property name="java.vm.specification.vendor" value="Oracle Corporation"/>
    <property name="java.awt.graphicsenv" value="sun.awt.Win32GraphicsEnvironment"/>
    <property name="surefire.real.class.path" value="C:\Users\DELL\AppData\Local\Temp\surefire784643388769777301\surefirebooter-20230715084152585_3.jar"/>
    <property name="user.script" value=""/>
    <property name="sun.management.compiler" value="HotSpot 64-Bit Tiered Compilers"/>
    <property name="java.runtime.version" value="11.0.15.1+2-LTS-10"/>
    <property name="user.name" value="DELL"/>
    <property name="path.separator" value=";"/>
    <property name="os.version" value="10.0"/>
    <property name="java.runtime.name" value="Java(TM) SE Runtime Environment"/>
    <property name="file.encoding" value="Cp1252"/>
    <property name="java.vm.name" value="Java HotSpot(TM) 64-Bit Server VM"/>
    <property name="java.vendor.version" value="18.9"/>
    <property name="localRepository" value="C:\Users\DELL\.m2\repository"/>
    <property name="java.vendor.url.bug" value="https://bugreport.java.com/bugreport/"/>
    <property name="java.io.tmpdir" value="C:\Users\DELL\AppData\Local\Temp\"/>
    <property name="java.version" value="11.0.15.1"/>
    <property name="user.dir" value="F:\Desktop\VimanNagar\May 21\ATTSpotifyAPITestFramework"/>
    <property name="os.arch" value="amd64"/>
    <property name="java.vm.specification.name" value="Java Virtual Machine Specification"/>
    <property name="java.awt.printerjob" value="sun.awt.windows.WPrinterJob"/>
    <property name="sun.os.patch.level" value=""/>
    <property name="java.library.path" value="C:\Program Files\Java\jdk-11.0.15.1\bin;C:\Windows\Sun\Java\bin;C:\Windows\system32;C:\Windows;C:\Program Files\Common Files\Oracle\Java\javapath;C:\Program Files (x86)\Intel\iCLS Client\;C:\Program Files\Intel\iCLS Client\;C:\Windows\system32;C:\Windows;C:\Windows\System32\Wbem;C:\Windows\System32\WindowsPowerShell\v1.0\;C:\Windows\System32\OpenSSH\;C:\Program Files\dotnet\;C:\Program Files (x86)\Intel\Intel(R) Management Engine Components\DAL;C:\Program Files\Intel\Intel(R) Management Engine Components\DAL;C:\Program Files (x86)\Intel\Intel(R) Management Engine Components\IPT;C:\Program Files\Intel\Intel(R) Management Engine Components\IPT;C:\Windows\IsmFiles;C:\Program Files\apache-maven-3.8.6\bin;C:\Program Files\Java\jdk-11.0.15.1\bin;C:\Program Files\Git\cmd;C:\Program Files\Docker\Docker\resources\bin;C:\Users\DELL\scoop\shims;C:\Users\DELL\AppData\Local\Microsoft\WindowsApps;."/>
    <property name="java.vendor" value="Oracle Corporation"/>
    <property name="java.vm.info" value="mixed mode"/>
    <property name="java.vm.version" value="11.0.15.1+2-LTS-10"/>
    <property name="sun.io.unicode.encoding" value="UnicodeLittle"/>
    <property name="java.class.version" value="55.0"/>
  </properties>
  <testcase name="createPlayList" classname="com.spotify.tests.PlaylistTest" time="16.414">
    <system-out><![CDATA[Request method:	POST
Request URI:	https://api.spotify.com/v1/users/31q36j7z4gu5fg2mawtfmlskhp74/playlists
Proxy:			<none>
Request params:	<none>
Query params:	<none>
Form params:	<none>
Path params:	<none>
Headers:		Accept=*/*
				Content-Type=application/json
Cookies:		<none>
Multiparts:		<none>
Body:
{
    "description": "This is ATT collection",
    "name": "ATT Batch july playlist",
    "public": false
}
HTTP/1.1 201 Created
content-type: application/json; charset=utf-8
cache-control: private, max-age=0
location: https://api.spotify.com/v1/playlists/6cat5OVn1x45EMNI4M87TP
x-robots-tag: noindex, nofollow
access-control-allow-origin: *
access-control-allow-headers: Accept, App-Platform, Authorization, Content-Type, Origin, Retry-After, Spotify-App-Version, X-Cloud-Trace-Context, client-token, content-access-token
access-control-allow-methods: GET, POST, OPTIONS, PUT, DELETE, PATCH
access-control-allow-credentials: true
access-control-max-age: 604800
content-encoding: gzip
strict-transport-security: max-age=31536000
x-content-type-options: nosniff
date: Sat, 15 Jul 2023 03:12:15 GMT
server: envoy
Via: HTTP/2 edgeproxy, 1.1 google
Alt-Svc: h3=":443"; ma=2592000,h3-29=":443"; ma=2592000
Transfer-Encoding: chunked

{
    "collaborative": false,
    "description": "This is ATT collection",
    "external_urls": {
        "spotify": "https://open.spotify.com/playlist/6cat5OVn1x45EMNI4M87TP"
    },
    "followers": {
        "href": null,
        "total": 0
    },
    "href": "https://api.spotify.com/v1/playlists/6cat5OVn1x45EMNI4M87TP",
    "id": "6cat5OVn1x45EMNI4M87TP",
    "images": [
        
    ],
    "name": "ATT Batch july playlist",
    "owner": {
        "display_name": "Velocity ATT",
        "external_urls": {
            "spotify": "https://open.spotify.com/user/31q36j7z4gu5fg2mawtfmlskhp74"
        },
        "href": "https://api.spotify.com/v1/users/31q36j7z4gu5fg2mawtfmlskhp74",
        "id": "31q36j7z4gu5fg2mawtfmlskhp74",
        "type": "user",
        "uri": "spotify:user:31q36j7z4gu5fg2mawtfmlskhp74"
    },
    "primary_color": null,
    "public": false,
    "snapshot_id": "MSxlZjU0M2ZkMjZmNmM4YzA4MzFjMTlkMzE4MjZmOGIxNjgxODljMzVl",
    "tracks": {
        "href": "https://api.spotify.com/v1/playlists/6cat5OVn1x45EMNI4M87TP/tracks",
        "items": [
            
        ],
        "limit": 100,
        "next": null,
        "offset": 0,
        "previous": null,
        "total": 0
    },
    "type": "playlist",
    "uri": "spotify:playlist:6cat5OVn1x45EMNI4M87TP"
}
]]></system-out>
    <system-err><![CDATA[SLF4J: Failed to load class "org.slf4j.impl.StaticLoggerBinder".
SLF4J: Defaulting to no-operation (NOP) logger implementation
SLF4J: See http://www.slf4j.org/codes.html#StaticLoggerBinder for further details.
]]></system-err>
  </testcase>
  <testcase name="getAPlayList" classname="com.spotify.tests.PlaylistTest" time="1.198">
    <system-out><![CDATA[Request method:	GET
Request URI:	https://api.spotify.com/v1/playlists/6cat5OVn1x45EMNI4M87TP
Proxy:			<none>
Request params:	<none>
Query params:	<none>
Form params:	<none>
Path params:	<none>
Headers:		Accept=*/*
				Content-Type=application/json
Cookies:		<none>
Multiparts:		<none>
Body:			<none>
HTTP/1.1 200 OK
content-type: application/json; charset=utf-8
cache-control: public, max-age=0
etag: "MC-ImI5NDI1MWQwZTc1MzI3MDIxZmIxMjZjOTFmZWJmMjU4Ig=="
x-robots-tag: noindex, nofollow
access-control-allow-origin: *
access-control-allow-headers: Accept, App-Platform, Authorization, Content-Type, Origin, Retry-After, Spotify-App-Version, X-Cloud-Trace-Context, client-token, content-access-token
access-control-allow-methods: GET, POST, OPTIONS, PUT, DELETE, PATCH
access-control-allow-credentials: true
access-control-max-age: 604800
content-encoding: gzip
strict-transport-security: max-age=31536000
x-content-type-options: nosniff
date: Sat, 15 Jul 2023 03:12:17 GMT
server: envoy
Via: HTTP/2 edgeproxy, 1.1 google
Alt-Svc: h3=":443"; ma=2592000,h3-29=":443"; ma=2592000
Transfer-Encoding: chunked

{
    "collaborative": false,
    "description": "This is ATT collection",
    "external_urls": {
        "spotify": "https://open.spotify.com/playlist/6cat5OVn1x45EMNI4M87TP"
    },
    "followers": {
        "href": null,
        "total": 0
    },
    "href": "https://api.spotify.com/v1/playlists/6cat5OVn1x45EMNI4M87TP",
    "id": "6cat5OVn1x45EMNI4M87TP",
    "images": [
        
    ],
    "name": "ATT Batch july playlist",
    "owner": {
        "display_name": "Velocity ATT",
        "external_urls": {
            "spotify": "https://open.spotify.com/user/31q36j7z4gu5fg2mawtfmlskhp74"
        },
        "href": "https://api.spotify.com/v1/users/31q36j7z4gu5fg2mawtfmlskhp74",
        "id": "31q36j7z4gu5fg2mawtfmlskhp74",
        "type": "user",
        "uri": "spotify:user:31q36j7z4gu5fg2mawtfmlskhp74"
    },
    "primary_color": null,
    "public": false,
    "snapshot_id": "Miw1NDcxNDcwYTNiYWRiYzE4YWI5ZDBkYjAwMWUxYTRjMjVkYjQxYmNi",
    "tracks": {
        "href": "https://api.spotify.com/v1/playlists/6cat5OVn1x45EMNI4M87TP/tracks?offset=0&limit=100",
        "items": [
            
        ],
        "limit": 100,
        "next": null,
        "offset": 0,
        "previous": null,
        "total": 0
    },
    "type": "playlist",
    "uri": "spotify:playlist:6cat5OVn1x45EMNI4M87TP"
}
]]></system-out>
  </testcase>
  <testcase name="changeUserPlaylist" classname="com.spotify.tests.PlaylistTest" time="1.261">
    <system-out><![CDATA[Request method:	PUT
Request URI:	https://api.spotify.com/v1/playlists/6cat5OVn1x45EMNI4M87TP
Proxy:			<none>
Request params:	<none>
Query params:	<none>
Form params:	<none>
Path params:	<none>
Headers:		Accept=*/*
				Content-Type=application/json
Cookies:		<none>
Multiparts:		<none>
Body:
{
    "description": "This is ATT collection",
    "name": "ATT Batch july playlistupdated value",
    "public": false
}
]]></system-out>
  </testcase>
  <testcase name="shouldNotBeAbleToCreatePlaylist" classname="com.spotify.tests.PlaylistTest" time="3.515">
    <failure message="expected [400] but found [401]" type="java.lang.AssertionError"><![CDATA[java.lang.AssertionError: expected [400] but found [401]
	at org.testng.Assert.fail(Assert.java:110)
	at org.testng.Assert.failNotEquals(Assert.java:1577)
	at org.testng.Assert.assertEqualsImpl(Assert.java:149)
	at org.testng.Assert.assertEquals(Assert.java:131)
	at org.testng.Assert.assertEquals(Assert.java:1418)
	at org.testng.Assert.assertEquals(Assert.java:1382)
	at org.testng.Assert.assertEquals(Assert.java:1428)
	at com.spotify.tests.PlaylistTest.shouldNotBeAbleToCreatePlaylist(PlaylistTest.java:101)
	at java.base/jdk.internal.reflect.NativeMethodAccessorImpl.invoke0(Native Method)
	at java.base/jdk.internal.reflect.NativeMethodAccessorImpl.invoke(NativeMethodAccessorImpl.java:62)
	at java.base/jdk.internal.reflect.DelegatingMethodAccessorImpl.invoke(DelegatingMethodAccessorImpl.java:43)
	at java.base/java.lang.reflect.Method.invoke(Method.java:566)
	at org.testng.internal.invokers.MethodInvocationHelper.invokeMethod(MethodInvocationHelper.java:139)
	at org.testng.internal.invokers.TestInvoker.invokeMethod(TestInvoker.java:677)
	at org.testng.internal.invokers.TestInvoker.invokeTestMethod(TestInvoker.java:221)
	at org.testng.internal.invokers.MethodRunner.runInSequence(MethodRunner.java:50)
	at org.testng.internal.invokers.TestInvoker$MethodInvocationAgent.invoke(TestInvoker.java:969)
	at org.testng.internal.invokers.TestInvoker.invokeTestMethods(TestInvoker.java:194)
	at org.testng.internal.invokers.TestMethodWorker.invokeTestMethods(TestMethodWorker.java:148)
	at org.testng.internal.invokers.TestMethodWorker.run(TestMethodWorker.java:128)
	at java.base/java.util.ArrayList.forEach(ArrayList.java:1541)
	at org.testng.TestRunner.privateRun(TestRunner.java:829)
	at org.testng.TestRunner.run(TestRunner.java:602)
	at org.testng.SuiteRunner.runTest(SuiteRunner.java:437)
	at org.testng.SuiteRunner.runSequentially(SuiteRunner.java:431)
	at org.testng.SuiteRunner.privateRun(SuiteRunner.java:391)
	at org.testng.SuiteRunner.run(SuiteRunner.java:330)
	at org.testng.SuiteRunnerWorker.runSuite(SuiteRunnerWorker.java:52)
	at org.testng.SuiteRunnerWorker.run(SuiteRunnerWorker.java:95)
	at org.testng.TestNG.runSuitesSequentially(TestNG.java:1256)
	at org.testng.TestNG.runSuitesLocally(TestNG.java:1176)
	at org.testng.TestNG.runSuites(TestNG.java:1099)
	at org.testng.TestNG.run(TestNG.java:1067)
	at org.apache.maven.surefire.testng.TestNGExecutor.run(TestNGExecutor.java:308)
	at org.apache.maven.surefire.testng.TestNGXmlTestSuite.execute(TestNGXmlTestSuite.java:71)
	at org.apache.maven.surefire.testng.TestNGProvider.invoke(TestNGProvider.java:113)
	at org.apache.maven.surefire.booter.ForkedBooter.runSuitesInProcess(ForkedBooter.java:385)
	at org.apache.maven.surefire.booter.ForkedBooter.execute(ForkedBooter.java:162)
	at org.apache.maven.surefire.booter.ForkedBooter.run(ForkedBooter.java:507)
	at org.apache.maven.surefire.booter.ForkedBooter.main(ForkedBooter.java:495)
]]></failure>
    <system-out><![CDATA[Request method:	POST
Request URI:	https://api.spotify.com/v1/users/31q36j7z4gu5fg2mawtfmlskhp74/playlists
Proxy:			<none>
Request params:	<none>
Query params:	<none>
Form params:	<none>
Path params:	<none>
Headers:		Accept=*/*
				Content-Type=application/json
Cookies:		<none>
Multiparts:		<none>
Body:
{
    "description": "This is ATT collection",
    "name": "ATT Batch july playlist",
    "public": false
}
HTTP/1.1 401 Unauthorized
www-authenticate: Bearer realm="spotify", error="invalid_token", error_description="Invalid access token"
access-control-allow-origin: *
access-control-allow-headers: Accept, App-Platform, Authorization, Content-Type, Origin, Retry-After, Spotify-App-Version, X-Cloud-Trace-Context, client-token, content-access-token
access-control-allow-methods: GET, POST, OPTIONS, PUT, DELETE, PATCH
access-control-allow-credentials: true
access-control-max-age: 604800
content-type: application/json
content-encoding: gzip
strict-transport-security: max-age=31536000
x-content-type-options: nosniff
date: Sat, 15 Jul 2023 03:12:22 GMT
server: envoy
Via: HTTP/2 edgeproxy, 1.1 google
Alt-Svc: h3=":443"; ma=2592000,h3-29=":443"; ma=2592000
Transfer-Encoding: chunked

{
    "error": {
        "status": 401,
        "message": "Invalid access token"
    }
}
]]></system-out>
  </testcase>
</testsuite>