<?xml version="1.0" encoding="UTF-8"?>
<!-- Generated by org.testng.reporters.JUnitReportReporter -->
<testsuite hostname="DESKTOP-5EVK54D" failures="0" tests="4" name="com.spotify.tests.PlaylistTest" time="18.967" errors="0" timestamp="2023-07-15T08:29:16 IST" skipped="0">
  <testcase classname="com.spotify.tests.PlaylistTest" name="createPlayList" time="14.513"/>
  <system-out/>
  <testcase classname="com.spotify.tests.PlaylistTest" name="getAPlayList" time="1.622"/>
  <system-out/>
  <testcase classname="com.spotify.tests.PlaylistTest" name="changeUserPlaylist" time="1.989"/>
  <system-out/>
  <testcase classname="com.spotify.tests.PlaylistTest" name="shouldNotBeAbleToCreatePlaylist" time="0.843"/>
  <system-out/>
</testsuite> <!-- com.spotify.tests.PlaylistTest -->
